$name=bakatono
$version=2
$default=002
$fixed_volume=197
$main

#002 002
#048 030
#049 031
#050 032
#051 033
#052 034
#053 035
#054 036
#055 037
#056 038
#057 039
#058 03A
#059 03B
#060 03C
#064 040
#065 041
#066 042
#068 044
#069 045
#070 046
#071 047
#080 050
#081 051
#083 053
#084 054
#086 056
#112 070
#113 071
#115 073
#116 074
#119 077
#127 07F
#128 080
#129 081
#130 082
#131 083
#132 084
#133 085
#134 086
#135 087
#136 088
#137 089
#138 08A
#139 08B
#140 08C
#141 08D
#142 08E
#143 08F
#144 090
#145 091
#146 092
#147 093
#148 094
#149 095
#150 096
#151 097
#152 098
#153 099
#154 09A
#155 09B
#156 09C
#157 09D
#158 09E
#159 09F
#160 0A0
#161 0A1
#162 0A2
#163 0A3
#164 0A4
#165 0A5
#166 0A6
#167 0A7
#168 0A8
#169 0A9
#170 0AA
#192 0C0
#193 0C1
#194 0C2
#195 0C3
#196 0C4
#197 0C5
#198 0C6
#199 0C7
#200 0C8
#201 0C9
#202 0CA
#203 0CB
#204 0CC
#205 0CD
#206 0CE
#207 0CF
#208 0D0
#209 0D1
#210 0D2
#211 0D3
#212 0D4
#213 0D5
#214 0D6
#215 0D7
#216 0D8

  [Source]
  Bakatonosama Mahjong Manyuuki (MOM-002 ~ MOH-002)

// List Contribution by shunninghuang
$end
