$name=bstars
$version=2
$default=018
$fixed_volume=140
$main

#002 002
#038 026
#039 027
#040 028
#041 029
#042 02A
#043 02B
#044 02C
#045 02D
#046 02E
#047 02F
#048 030
#049 031
#050 032
#051 033
#052 034
#053 035
#055 037
#057 039
#058 03A
#060 03C
#061 03D
#063 03F
#064 040
#066 042
#096 060
#097 061
#098 062
#099 063
#100 064
#101 065
#127 07F
#138 08A
#139 08B
#145 091
#146 092
#147 093
#148 094
#192 0C0
#193 0C1
#194 0C2
#195 0C3
#196 0C4
#197 0C5
#198 0C6
#199 0C7
#200 0C8
#201 0C9
#202 0CA
#203 0CB
#204 0CC
#205 0CD
#206 0CE
#207 0CF
#208 0D0
#209 0D1
#210 0D2
#211 0D3
#212 0D4
#213 0D5
#214 0D6
#215 0D7
#216 0D8
#217 0D9
#218 0DA
#219 0DB
#220 0DC
#221 0DD
#227 0E3
#228 0E4
#229 0E5
#230 0E6
#231 0E7
#232 0E8
#233 0E9
#234 0EA
#235 0EB
#237 0ED
#239 0EF
#240 0F0
#241 0F1
#242 0F2
#243 0F3
#244 0F4
#245 0F5
#246 0F6
#247 0F7
#248 0F8
#249 0F9
#250 0FA
#255 0FF

  [Source]
  Baseball Stars Professional (NGM-002)

// List Contribution by shunninghuang
$end