$name=choko
$version=2
$default=018
$fixed_volume=140
$main

#000 000
#001 001
#002 002
#003 003
#004 004
#005 005
#006 006
#007 007
#008 008
#009 009
#010 00A
#011 00B
#012 00C
#013 00D
#014 00E
#015 00F
#016 010
#017 011
#018 012
#019 013
#020 014
#021 015
#032 020
#033 021
#034 022
#035 023
#036 024
#037 025
#038 026
#039 027
#040 028
#041 029
#042 02A
#043 02B
#044 02C
#045 02D
#046 02E
#047 02F
#048 030
#049 031
#050 032
#051 033
#052 034
#053 035
#054 036
#055 037
#056 038
#057 039
#058 03A
#059 03B
#060 03C
#061 03D
#062 03E
#063 03F
#064 040
#065 041
#066 042
#067 043
#068 044
#069 045
#070 046
#071 047
#072 048
#073 049
#074 04A
#075 04B
#076 04C
#077 04D
#078 04E
#079 04F
#080 050

  [Source]
  Janpai Puzzle Choukou (Japan 010820)

// List Contribution by shunninghuang
$end