$name=dinohunt
$version=2
$default=001
$songmax=239
$main

#001 01 <time="30">

#044 2C
#045 2D
#046 2E
#047 2F
#048 30
#049 31
#050 32
#051 33

#053 35
#054 36
#055 37
#056 38
#057 39
#058 3A
#059 3B
#060 3C
#061 3D
#062 3E
#063 3F
#064 40
#065 41
#066 42
#067 43
#068 44
#069 45
#070 46
#071 47
#072 48
#073 49
#074 4A
#075 4B
#076 4C
#077 4D
#078 4E
#079 4F
#080 50
#081 51
#082 52
#083 53
#084 54
#085 55
#086 56
#087 57

#091 5B
#092 5C
#093 5D
#094 5E
#095 5F
#096 60

#098 62
#099 63
#100 64
#101 65
#102 66
#103 67
#104 68
#105 69
#106 6A
#107 6B
#108 6C

#110 6E
#111 6F
#112 70
#113 71
#114 72
#115 73
#116 74

#118 76
#119 77

#121 79
#122 7A
#123 7B
#124 7C
#125 7D
#126 7E
#127 7F
#128 80
#129 81

#132 84
#133 85
#134 86
#135 87
#136 88
#137 89
#138 8A
#139 8B
#140 8C

  [Source]
  Dinosaur Hunter (Chinese bootleg of Cadillacs and Dinosaurs)

// List Contribution by shunninghuang
$end
