$name=froman2b
$version=2
$default=002
$fixed_volume=197
$main

#002 002
#064 040
#065 041
#066 042
#067 043
#068 044
#069 045
#070 046
#071 047
#072 048
#073 049
#074 04A
#075 04B
#076 04C
#077 04D
#078 04E
#079 04F
#080 050
#081 051
#082 052
#083 053
#084 054
#085 055
#086 056
#087 057
#088 058
#089 059
#090 05A
#091 05B
#092 05C
#093 05D
#094 05E
#095 05F
#096 060
#097 061
#098 062
#099 063
#100 064
#101 065
#102 066
#103 067
#104 068
#105 069
#106 06A
#107 06B
#108 06C
#109 06D
#110 06E
#111 06F
#112 070
#113 071
#114 072
#115 073
#116 074
#117 075
#118 076
#119 077
#120 078
#121 079
#122 07A
#123 07B
#124 07C
#125 07D
#126 07E
#127 07F
#128 080
#129 081
#130 082
#131 083
#132 084
#133 085
#134 086
#135 087
#136 088
#137 089
#138 08A
#139 08B
#140 08C
#141 08D
#142 08E
#143 08F
#144 090
#145 091
#146 092
#147 093
#148 094
#149 095
#150 096
#151 097
#152 098
#153 099
#154 09A
#155 09B
#156 09C
#157 09D
#158 09E
#159 09F
#160 0A0
#161 0A1
#162 0A2
#163 0A3
#164 0A4
#165 0A5
#166 0A6
#167 0A7
#168 0A8

  [Source]
  Idol Mahjong Final Romance 2 (Neo-Geo, bootleg of CD version)

// List Contribution by shunninghuang
$end
