$name=gururin
$version=2
$default=002
$fixed_volume=197
$main

#002 002
#033 021
#034 022
#035 023
#036 024
#037 025
#038 026
#039 027
#040 028
#041 029
#042 02A
#043 02B
#044 02C
#045 02D
#046 02E
#047 02F
#048 030
#065 041
#066 042
#067 043
#068 044
#069 045
#070 046
#071 047
#072 048
#073 049
#074 04A
#075 04B
#076 04C
#077 04D
#078 04E
#079 04F
#080 050
#081 051
#082 052
#083 053
#084 054
#085 055
#086 056
#087 057
#088 058
#089 059
#193 0C1
#194 0C2
#195 0C3
#196 0C4
#197 0C5
#198 0C6
#199 0C7
#200 0C8
#201 0C9
#202 0CA
#203 0CB
#204 0CC
#205 0CD
#206 0CE
#207 0CF
#208 0D0
#209 0D1
#210 0D2
#211 0D3
#212 0D4
#213 0D5
#214 0D6
#215 0D7
#216 0D8
#217 0D9

  [Source]
  Gururin

// List Contribution by shunninghuang
$end
