$name=jockeygp
$version=2
$default=002
$fixed_volume=197
$main

#002 002
#033 021
#034 022
#035 023
#036 024
#037 025
#097 061
#098 062
#099 063
#100 064
#101 065
#102 066
#103 067
#104 068
#192 0C0
#193 0C1
#194 0C2
#195 0C3
#196 0C4
#197 0C5
#198 0C6
#199 0C7
#200 0C8
#201 0C9
#202 0CA
#203 0CB
#204 0CC
#205 0CD
#206 0CE
#207 0CF
#208 0D0
#209 0D1
#210 0D2
#211 0D3
#212 0D4
#213 0D5
#214 0D6
#215 0D7
#216 0D8
#217 0D9
#218 0DA
#219 0DB
#220 0DC
#221 0DD
#222 0DE
#223 0DF
#224 0E0
#225 0E1
#226 0E2
#227 0E3
#228 0E4
#229 0E5
#230 0E6
#231 0E7
#232 0E8
#233 0E9
#234 0EA
#235 0EB
#236 0EC
#237 0ED
#238 0EE
#239 0EF

  [Source]
  Jockey Grand Prix (set 1)

// List Contribution by shunninghuang
$end
