$name=jyangoku
$version=2
$default=018
$fixed_volume=140
$main

#001 001
#002 002
#003 003
#004 004
#005 005
#006 006
#007 007
#008 008
#009 009
#010 00A
#011 00B
#012 00C
#013 00D
#128 080
#129 081
#130 082
#131 083
#132 084
#133 085
#134 086
#135 087
#136 088
#137 089
#138 08A
#139 08B
#140 08C
#141 08D
#142 08E
#143 08F
#144 090
#145 091
#146 092
#147 093
#148 094
#149 095
#150 096
#159 09F
#256 100
#257 101
#258 102
#259 103
#260 104
#261 105
#262 106
#263 107
#264 108
#265 109
#266 10A
#267 10B
#268 10C
#269 10D
#270 10E
#271 10F
#272 110

  [Source]
  Jyangokushi: Haoh no Saihai (Japan 990527)

// List Contribution by shunninghuang
$end