$name=lasthope
$version=2
$default=002
$fixed_volume=197
$main

#002 002
#016 010
#017 011
#018 012
#019 013
#020 014
#021 015
#022 016
#023 017
#024 018
#025 019
#026 01A
#027 01B
#028 01C
#029 01D
#030 01E
#031 01F
#032 020
#033 021
#034 022
#035 023
#036 024
#037 025
#038 026
#039 027
#040 028
#041 029
#042 02A
#043 02B
#044 02C
#045 02D
#046 02E
#047 02F
#048 030
#049 031
#050 032
#051 033
#052 034
#053 035
#054 036
#055 037
#056 038
#057 039
#058 03A
#059 03B
#060 03C
#061 03D
#062 03E
#063 03F
#064 040
#065 041
#066 042
#067 043
#068 044
#069 045
#070 046
#071 047
#072 048
#073 049
#074 04A
#075 04B
#076 04C
#077 04D
#078 04E
#079 04F
#080 050
#081 051
#082 052
#083 053
#084 054
#085 055
#086 056
#087 057
#088 058
#089 059
#090 05A
#091 05B
#092 05C
#093 05D
#094 05E
#095 05F
#096 060
#097 061
#098 062
#115 073
#116 074
#117 075
#118 076
#144 090
#145 091
#146 092
#147 093
#148 094
#149 095
#170 0AA
#171 0AB
#172 0AC
#173 0AD
#184 0B8
#185 0B9
#214 0D6
#215 0D7
#216 0D8
#217 0D9
#218 0DA
#219 0DB
#220 0DC
#221 0DD
#222 0DE
#223 0DF
#224 0E0
#225 0E1
#226 0E2
#227 0E3
#228 0E4
#229 0E5
#230 0E6
#231 0E7
#232 0E8
#233 0E9
#234 0EA
#235 0EB
#236 0EC
#237 0ED
#238 0EE
#239 0EF
#240 0F0
#241 0F1
#242 0F2
#243 0F3
#244 0F4
#245 0F5
#246 0F6
#247 0F7
#248 0F8
#249 0F9
#250 0FA
#251 0FB
#252 0FC
#253 0FD
#254 0FE
#255 0FF

  [Source]
  Last Hope (bootleg AES to MVS conversion, no coin support)

// List Contribution by shunninghuang
$end
