$name=lbowling
$version=2
$default=002
$fixed_volume=197
$main

#002 002
#034 022
#035 023
#037 025
#038 026
#039 027
#040 028
#041 029
#042 02A
#043 02B
#044 02C
#045 02D
#046 02E
#047 02F
#048 030
#049 031
#050 032
#051 033
#052 034
#053 035
#054 036
#055 037
#068 044
#096 060
#097 061
#098 062
#099 063
#100 064
#101 065
#102 066
#103 067
#104 068
#105 069
#106 06A
#107 06B
#108 06C
#109 06D
#110 06E
#111 06F
#112 070
#113 071
#114 072
#115 073
#116 074
#127 07F
#128 080
#129 081
#130 082
#131 083
#132 084
#133 085
#144 090
#145 091
#146 092
#147 093
#148 094
#149 095
#150 096
#151 097
#152 098
#153 099
#154 09A
#155 09B
#156 09C
#157 09D
#158 09E
#159 09F
#160 0A0
#161 0A1
#162 0A2
#163 0A3
#164 0A4
#165 0A5
#166 0A6
#167 0A7
#168 0A8
#169 0A9
#192 0C0
#193 0C1
#194 0C2
#195 0C3
#196 0C4
#197 0C5
#198 0C6
#199 0C7
#200 0C8
#201 0C9
#202 0CA
#203 0CB
#204 0CC
#205 0CD
#206 0CE
#207 0CF
#208 0D0
#209 0D1
#210 0D2
#211 0D3
#212 0D4
#213 0D5
#214 0D6
#215 0D7
#216 0D8
#217 0D9
#218 0DA
#219 0DB
#220 0DC
#221 0DD
#222 0DE
#223 0DF
#224 0E0
#225 0E1
#226 0E2
#227 0E3
#228 0E4
#229 0E5
#230 0E6
#231 0E7
#232 0E8
#233 0E9
#234 0EA
#235 0EB
#236 0EC
#237 0ED
#238 0EE
#239 0EF
#240 0F0
#241 0F1
#242 0F2
#243 0F3
#244 0F4
#245 0F5
#246 0F6
#247 0F7
#248 0F8
#249 0F9
#250 0FA
#251 0FB
#252 0FC
#253 0FD
#254 0FE
#255 0FF

  [Source]
  League Bowling (NGM-019 ~ NGH-019)

// List Contribution by shunninghuang
$end
