$name=pbaction
$version=2
$default=002
$main

#002 002
#003 003
#004 004
#007 007
#008 008
#009 009
#010 010
#012 012
#013 013
#014 014
#015 015
#016 016
#017 017
#018 018
#019 019
#020 020
#021 021
#022 022
#023 023
#024 024
#025 025
#026 026
#027 027
#028 028
#029 029
#030 030
#033 033
#034 034
#035 035
#036 036
#037 037
#038 038
#042 042
#043 043
#044 044
#045 045
#046 046
#047 047
#048 048
#049 049
#050 050
#051 051
#053 053
#054 054
#055 055
#056 056
#057 057
#058 058

// List Contribution by shunninghuang
$end
