$name=pokonyan
$version=2
$default=001
$songmax=239
$main

#001 01 <time="40">
#002 02 <time="45">
#003 03

#032 20
#033 21
#034 22
#035 23
#036 24
#037 25
#038 26
#039 27
#040 28
#041 29
#042 2A
#043 2B
#044 2C
#045 2D
#046 2E
#047 2F
#048 30
#049 31
#050 32
#051 33
#052 34
#053 35
#054 36
#055 37
#056 38
#057 39
#058 3A
#059 3B
#060 3C
#061 3D
#062 3E
#063 3F
#064 40
#065 41
#066 42
#067 43
#068 44
#069 45
#070 46
#071 47
#072 48
#073 49
#074 4A
#075 4B
#076 4C
#077 4D

  [Source]
  Pokonyan! Balloon (Japan 940322)

// List Contribution by shunninghuang
$end
