$name=pzloop2
$version=2
$default=018
$fixed_volume=140
$main

#000 000
#001 001
#002 002
#003 003
#004 004
#005 005
#006 006
#007 007
#008 008
#009 009
#010 00A
#011 00B
#012 00C
#013 00D
#014 00E
#015 00F
#016 010
#017 011
#018 012
#019 013
#020 014
#021 015
#022 016
#023 017
#024 018
#025 019
#026 01A
#027 01B
#032 020
#033 021
#034 022
#035 023
#036 024
#037 025
#038 026
#039 027
#040 028
#041 029
#042 02A
#043 02B
#044 02C
#045 02D
#046 02E
#047 02F
#048 030
#049 031
#050 032
#051 033
#052 034
#053 035
#054 036
#055 037
#056 038
#057 039
#058 03A
#059 03B
#060 03C
#061 03D
#062 03E
#063 03F
#064 040
#065 041
#066 042
#067 043
#068 044
#069 045
#070 046
#071 047
#072 048
#073 049
#074 04A
#075 04B
#076 04C
#077 04D
#078 04E
#079 04F
#080 050
#081 051
#082 052
#083 053
#084 054
#085 055
#086 056
#087 057
#088 058
#089 059
#090 05A
#091 05B
#092 05C
#093 05D
#094 05E
#095 05F
#096 060
#097 061
#099 063
#100 064
#101 065
#102 066
#103 067
#104 068
#105 069
#106 06A
#107 06B
#108 06C
#109 06D
#110 06E
#111 06F
#112 070
#115 073
#116 074
#117 075
#118 076
#119 077
#120 078
#121 079
#122 07A
#123 07B
#124 07C
#125 07D
#126 07E
#127 07F
#128 080
#129 081
#130 082
#131 083
#132 084
#133 085
#134 086
#135 087
#136 088
#137 089
#138 08A
#139 08B
#140 08C
#141 08D
#142 08E
#145 091
#146 092
#147 093
#148 094
#149 095
#150 096

  [Source]
  Puzz Loop 2 (Euro 010302)

// List Contribution by shunninghuang
$end