$name=quizdais
$version=2
$default=002
$fixed_volume=197
$main

#002 002
#033 021
#034 022
#035 023
#036 024
#037 025
#041 029
#043 02B
#044 02C
#046 02E
#047 02F
#048 030
#049 031
#050 032
#051 033
#052 034
#053 035
#054 036
#055 037
#056 038
#057 039
#058 03A
#059 03B
#060 03C
#061 03D
#062 03E
#063 03F
#064 040
#065 041
#066 042
#067 043
#068 044
#069 045
#070 046
#071 047
#073 049
#074 04A
#075 04B
#076 04C
#077 04D
#078 04E
#079 04F
#080 050
#081 051
#082 052
#083 053
#084 054
#085 055
#086 056
#087 057
#090 05A
#091 05B
#092 05C
#093 05D
#094 05E
#096 060
#097 061
#098 062
#099 063
#100 064
#101 065
#102 066
#103 067
#104 068
#105 069
#106 06A
#107 06B
#108 06C
#127 07F

  [Source]
  Quiz Daisousa Sen - The Last Count Down (NGM-023 ~ NGH-023)

// List Contribution by shunninghuang
$end
