$name=quizkof
$version=2
$default=002
$fixed_volume=197
$main

#002 002
#034 022
#035 023
#036 024
#037 025
#041 029
#042 02A
#043 02B
#044 02C
#045 02D
#046 02E
#047 02F
#048 030
#049 031
#050 032
#051 033
#053 035
#055 037
#056 038
#057 039
#058 03A
#059 03B
#060 03C
#064 040
#065 041
#066 042
#068 044
#069 045
#070 046
#071 047
#072 048
#073 049
#074 04A
#075 04B
#076 04C
#078 04E
#079 04F
#080 050
#081 051
#082 052
#084 054
#085 055
#086 056
#087 057
#088 058
#089 059
#090 05A
#091 05B
#092 05C
#093 05D
#097 061
#098 062
#099 063
#100 064
#101 065
#102 066
#104 068
#106 06A
#108 06C
#109 06D
#110 06E
#111 06F
#112 070
#116 074
#117 075
#118 076
#127 07F

  [Source]
  Quiz King of Fighters (SAM-080 ~ SAH-080)

// List Contribution by shunninghuang
$end
