$name=ssideki3
$version=2
$default=002
$fixed_volume=197
$main

#002 002
#033 021
#034 022
#035 023
#036 024
#037 025
#038 026
#039 027
#040 028
#041 029
#042 02A
#043 02B
#044 02C
#045 02D
#046 02E
#047 02F
#048 030
#049 031
#050 032
#051 033
#052 034
#053 035
#054 036
#055 037
#056 038
#057 039
#058 03A
#060 03C
#061 03D
#062 03E
#063 03F
#064 040
#065 041
#066 042
#067 043
#068 044
#069 045
#070 046
#071 047
#072 048
#073 049
#085 055
#096 060
#097 061
#098 062
#100 064
#102 066
#127 07F
#128 080
#129 081
#130 082
#131 083
#132 084
#133 085
#134 086
#135 087
#136 088
#139 08B
#140 08C
#142 08E
#143 08F
#192 0C0
#193 0C1
#194 0C2
#195 0C3
#196 0C4
#197 0C5
#198 0C6
#199 0C7
#200 0C8
#201 0C9
#202 0CA
#203 0CB
#204 0CC
#205 0CD
#206 0CE
#207 0CF
#208 0D0
#224 0E0
#225 0E1
#226 0E2
#227 0E3
#228 0E4
#229 0E5
#230 0E6
#232 0E8
#233 0E9
#234 0EA
#235 0EB
#236 0EC
#237 0ED
#238 0EE
#239 0EF
#240 0F0
#241 0F1
#242 0F2
#243 0F3
#244 0F4
#245 0F5
#246 0F6
#247 0F7
#248 0F8
#249 0F9
#250 0FA
#251 0FB
#252 0FC
#253 0FD
#254 0FE
#255 0FF

  [Source]
  Super Sidekicks 3 - The Next Glory / Tokuten Ou 3 - Eikou e no Michi

// List Contribution by shunninghuang
$end
