$name=stakwin2
$version=2
$default=002
$fixed_volume=197
$main

#002 002
#033 021
#035 023
#036 024
#037 025
#038 026
#039 027
#040 028
#041 029
#042 02A
#043 02B
#044 02C
#045 02D
#046 02E
#047 02F
#048 030
#049 031
#050 032
#051 033
#052 034
#053 035
#054 036
#055 037
#056 038
#057 039
#058 03A
#059 03B
#060 03C
#061 03D
#062 03E
#063 03F
#064 040
#065 041
#066 042
#067 043
#068 044
#069 045
#070 046
#123 07B
#124 07C
#125 07D
#126 07E
#127 07F

  [Source]
  Stakes Winner 2

// List Contribution by shunninghuang
$end
