$name=stakwin
$version=2
$default=002
$fixed_volume=197
$main

#002 002
#033 021
#034 022
#035 023
#036 024
#037 025
#038 026
#039 027
#040 028
#041 029
#042 02A
#043 02B
#044 02C
#045 02D
#046 02E
#047 02F
#048 030
#049 031
#050 032
#051 033
#052 034
#053 035
#054 036
#096 060
#097 061
#098 062
#099 063
#100 064
#101 065
#192 0C0
#193 0C1
#194 0C2
#195 0C3
#196 0C4
#197 0C5
#198 0C6
#199 0C7
#200 0C8
#201 0C9
#202 0CA
#203 0CB
#204 0CC
#205 0CD
#206 0CE
#207 0CF
#208 0D0
#209 0D1
#210 0D2
#211 0D3
#212 0D4
#213 0D5
#214 0D6
#215 0D7
#216 0D8
#217 0D9
#218 0DA
#219 0DB
#220 0DC
#221 0DD
#222 0DE
#223 0DF
#224 0E0
#225 0E1
#226 0E2
#227 0E3
#228 0E4

  [Source]
  Stakes Winner / Stakes Winner - GI Kinzen  Seiha e no Michi

// List Contribution by shunninghuang
$end
