$name=vsav2
$version=2
$default=018
$fixed_volume=140
$main

#001 001
#002 002
#003 003
#004 004
#005 005
#006 006
#007 007
#008 008
#009 009
#010 00A
#011 00B
#012 00C
#013 00D
#014 00E
#016 010
#017 011
#018 012
#019 013
#020 014
#021 015
#022 016
#023 017
#024 018
#026 01A
#027 01B
#028 01C
#029 01D
#030 01E
#031 01F
#035 023
#036 024
#037 025
#038 026
#039 027
#040 028
#042 02A
#043 02B
#044 02C
#047 02F
#048 030
#049 031
#050 032
#051 033
#052 034
#053 035
#054 036
#055 037
#056 038
#057 039
#058 03A
#059 03B
#060 03C
#235 0EB
#237 0ED
#238 0EE
#239 0EF
#240 0F0
#241 0F1
#242 0F2
#243 0F3
#244 0F4
#245 0F5
#246 0F6
#247 0F7
#248 0F8
#249 0F9
#250 0FA
#251 0FB
#252 0FC
#253 0FD
#254 0FE
#255 0FF
#256 100
#257 101
#258 102
#259 103
#260 104
#261 105
#262 106
#263 107
#264 108
#265 109
#266 10A
#267 10B
#268 10C
#269 10D
#270 10E
#271 10F
#272 110
#273 111
#274 112
#275 113
#276 114
#277 115
#278 116
#279 117
#280 118
#281 119
#282 11A
#283 11B
#284 11C
#285 11D
#286 11E
#287 11F
#288 120
#289 121
#290 122
#291 123
#292 124
#293 125
#295 127
#296 128
#297 129
#298 12A
#299 12B
#300 12C

  [Source]
  Vampire Savior 2: The Lord of Vampire (Japan 970913)

// List Contribution by shunninghuang
$end