$name=zintrckb
$version=2
$default=002
$fixed_volume=197
$main

#002 002
#159 09F
#160 0A0
#161 0A1
#162 0A2
#163 0A3
#164 0A4
#165 0A5
#166 0A6
#167 0A7
#168 0A8
#169 0A9
#170 0AA
#171 0AB
#172 0AC
#173 0AD
#174 0AE
#175 0AF
#176 0B0
#177 0B1
#178 0B2
#179 0B3
#180 0B4
#181 0B5
#182 0B6
#183 0B7
#184 0B8
#185 0B9
#186 0BA
#187 0BB
#188 0BC
#189 0BD
#190 0BE
#191 0BF
#192 0C0
#193 0C1
#194 0C2
#195 0C3
#196 0C4
#197 0C5
#198 0C6
#199 0C7
#200 0C8
#201 0C9
#202 0CA
#203 0CB
#204 0CC
#205 0CD
#206 0CE
#207 0CF
#208 0D0
#209 0D1
#210 0D2
#211 0D3
#212 0D4
#213 0D5
#214 0D6
#215 0D7
#216 0D8
#235 0EB
#236 0EC
#237 0ED
#238 0EE
#239 0EF

  [Source]
  Zintrick / Oshidashi Zentrix (bootleg of CD version)

// List Contribution by shunninghuang
$end
